<?xml version="1.0" encoding="UTF-8"?>
<testsuite name="com.jerolba.carpet.CarpetRecordGeneratorTest$NestedListSimpleChild" tests="3" skipped="0" failures="0" errors="0" timestamp="2025-09-27T17:18:28.084Z" hostname="runnervm3ublj" time="0.019">
  <properties/>
  <testcase name="threeLevel()" classname="com.jerolba.carpet.CarpetRecordGeneratorTest$NestedListSimpleChild" time="0.006"/>
  <testcase name="twoLevel()" classname="com.jerolba.carpet.CarpetRecordGeneratorTest$NestedListSimpleChild" time="0.006"/>
  <testcase name="oneLevel()" classname="com.jerolba.carpet.CarpetRecordGeneratorTest$NestedListSimpleChild" time="0.005"/>
  <system-out><![CDATA[]]></system-out>
  <system-err><![CDATA[]]></system-err>
</testsuite>
