<?xml version="1.0" encoding="UTF-8"?>
<testsuite name="com.jerolba.carpet.reader.CarpetReaderTest$FieldNameMapping$SnakeCaseConversion" tests="4" skipped="0" failures="0" errors="0" timestamp="2025-09-27T17:18:31.407Z" hostname="runnervm3ublj" time="0.036">
  <properties/>
  <testcase name="bestEffortPriorityOnMatchingNameColumnsOverSnakeCase()" classname="com.jerolba.carpet.reader.CarpetReaderTest$FieldNameMapping$SnakeCaseConversion" time="0.009"/>
  <testcase name="mapSnakeCaseColumnNameWhenEnabled()" classname="com.jerolba.carpet.reader.CarpetReaderTest$FieldNameMapping$SnakeCaseConversion" time="0.01"/>
  <testcase name="canNotMapSnakeCaseColumnNameIfDisabled()" classname="com.jerolba.carpet.reader.CarpetReaderTest$FieldNameMapping$SnakeCaseConversion" time="0.008"/>
  <testcase name="priorityOnAliasedFieldsOverSnakeCase()" classname="com.jerolba.carpet.reader.CarpetReaderTest$FieldNameMapping$SnakeCaseConversion" time="0.009"/>
  <system-out><![CDATA[]]></system-out>
  <system-err><![CDATA[[Test worker] INFO org.apache.parquet.hadoop.InternalParquetRecordReader - RecordReader initialized will read a total of 1 records.
[Test worker] INFO org.apache.parquet.hadoop.InternalParquetRecordReader - at row 0. reading next block
[Test worker] INFO org.apache.parquet.hadoop.InternalParquetRecordReader - block read in memory in 0 ms. row count = 1
[Test worker] INFO org.apache.parquet.hadoop.InternalParquetRecordReader - RecordReader initialized will read a total of 1 records.
[Test worker] INFO org.apache.parquet.hadoop.InternalParquetRecordReader - at row 0. reading next block
[Test worker] INFO org.apache.parquet.hadoop.InternalParquetRecordReader - block read in memory in 0 ms. row count = 1
[Test worker] INFO org.apache.parquet.hadoop.InternalParquetRecordReader - RecordReader initialized will read a total of 1 records.
[Test worker] INFO org.apache.parquet.hadoop.InternalParquetRecordReader - at row 0. reading next block
[Test worker] INFO org.apache.parquet.hadoop.InternalParquetRecordReader - block read in memory in 0 ms. row count = 1
]]></system-err>
</testsuite>
