<?xml version="1.0" encoding="UTF-8"?>
<testsuite name="com.jerolba.carpet.impl.write.WriteRecord2SchemaTest" tests="7" skipped="0" failures="0" errors="0" timestamp="2025-09-27T17:18:28.652Z" hostname="runnervm3ublj" time="0.008">
  <properties/>
  <testcase name="dateTypesRecordTest()" classname="com.jerolba.carpet.impl.write.WriteRecord2SchemaTest" time="0.002"/>
  <testcase name="privitiveObjectsTypesRecordTest()" classname="com.jerolba.carpet.impl.write.WriteRecord2SchemaTest" time="0.001"/>
  <testcase name="unannotatedBinaryHasNoLogicalType()" classname="com.jerolba.carpet.impl.write.WriteRecord2SchemaTest" time="0.001"/>
  <testcase name="binaryAsStringRecordTest()" classname="com.jerolba.carpet.impl.write.WriteRecord2SchemaTest" time="0.0"/>
  <testcase name="notNullFieldRecordTest()" classname="com.jerolba.carpet.impl.write.WriteRecord2SchemaTest" time="0.0"/>
  <testcase name="simpleRecordTest()" classname="com.jerolba.carpet.impl.write.WriteRecord2SchemaTest" time="0.001"/>
  <testcase name="privitiveTypesRecordTest()" classname="com.jerolba.carpet.impl.write.WriteRecord2SchemaTest" time="0.001"/>
  <system-out><![CDATA[]]></system-out>
  <system-err><![CDATA[]]></system-err>
</testsuite>
