<?xml version="1.0" encoding="UTF-8"?>
<testsuite name="com.jerolba.carpet.impl.write.JavaRecordMapper2SchemaTest$VariantType" tests="2" skipped="0" failures="0" errors="0" timestamp="2025-09-27T17:18:28.636Z" hostname="runnervm3ublj" time="0.002">
  <properties/>
  <testcase name="notNullVariantField()" classname="com.jerolba.carpet.impl.write.JavaRecordMapper2SchemaTest$VariantType" time="0.001"/>
  <testcase name="variantField()" classname="com.jerolba.carpet.impl.write.JavaRecordMapper2SchemaTest$VariantType" time="0.001"/>
  <system-out><![CDATA[]]></system-out>
  <system-err><![CDATA[]]></system-err>
</testsuite>
