<?xml version="1.0" encoding="UTF-8"?>
<testsuite name="com.jerolba.carpet.impl.read.SchemaFilterTest$IncompatibleTypes" tests="8" skipped="0" failures="0" errors="0" timestamp="2025-09-27T17:18:28.126Z" hostname="runnervm3ublj" time="0.015">
  <properties/>
  <testcase name="mapIsIncompatibleWithPrimitive()" classname="com.jerolba.carpet.impl.read.SchemaFilterTest$IncompatibleTypes" time="0.001"/>
  <testcase name="primitiveIsIncompatibleWithMap()" classname="com.jerolba.carpet.impl.read.SchemaFilterTest$IncompatibleTypes" time="0.005"/>
  <testcase name="stringIsIncompatibleWithNumeric()" classname="com.jerolba.carpet.impl.read.SchemaFilterTest$IncompatibleTypes" time="0.001"/>
  <testcase name="primitiveIsIncompatibleWithList()" classname="com.jerolba.carpet.impl.read.SchemaFilterTest$IncompatibleTypes" time="0.001"/>
  <testcase name="threeLevelsListIsIncompatibleWithPrimitive()" classname="com.jerolba.carpet.impl.read.SchemaFilterTest$IncompatibleTypes" time="0.001"/>
  <testcase name="twoLevelsListIsIncompatibleWithPrimitive()" classname="com.jerolba.carpet.impl.read.SchemaFilterTest$IncompatibleTypes" time="0.001"/>
  <testcase name="numericIsIncompatibleWithString()" classname="com.jerolba.carpet.impl.read.SchemaFilterTest$IncompatibleTypes" time="0.002"/>
  <testcase name="oneLevelsListIsIncompatibleWithPrimitive()" classname="com.jerolba.carpet.impl.read.SchemaFilterTest$IncompatibleTypes" time="0.001"/>
  <system-out><![CDATA[]]></system-out>
  <system-err><![CDATA[]]></system-err>
</testsuite>
