<?xml version="1.0" encoding="UTF-8"?>
<testsuite name="com.jerolba.carpet.reader.CarpetReaderConversionTest$ConversionInCollection$ToUuidList" tests="1" skipped="0" failures="0" errors="0" timestamp="2025-09-27T17:18:29.581Z" hostname="runnervm3ublj" time="0.027">
  <properties/>
  <testcase name="fromUuidToUuidList()" classname="com.jerolba.carpet.reader.CarpetReaderConversionTest$ConversionInCollection$ToUuidList" time="0.027"/>
  <system-out><![CDATA[]]></system-out>
  <system-err><![CDATA[[Test worker] INFO org.apache.parquet.hadoop.InternalParquetRecordReader - RecordReader initialized will read a total of 1 records.
[Test worker] INFO org.apache.parquet.hadoop.InternalParquetRecordReader - at row 0. reading next block
[Test worker] INFO org.apache.parquet.hadoop.InternalParquetRecordReader - block read in memory in 0 ms. row count = 1
]]></system-err>
</testsuite>
