<?xml version="1.0" encoding="UTF-8"?>
<testsuite name="com.jerolba.carpet.impl.write.WriteRecord2SchemaTest$VariantSupport" tests="2" skipped="0" failures="0" errors="0" timestamp="2025-09-27T17:18:28.746Z" hostname="runnervm3ublj" time="0.003">
  <properties/>
  <testcase name="recordWithNotNullVariant()" classname="com.jerolba.carpet.impl.write.WriteRecord2SchemaTest$VariantSupport" time="0.002"/>
  <testcase name="recordWithVariant()" classname="com.jerolba.carpet.impl.write.WriteRecord2SchemaTest$VariantSupport" time="0.001"/>
  <system-out><![CDATA[]]></system-out>
  <system-err><![CDATA[]]></system-err>
</testsuite>
