<?xml version="1.0" encoding="UTF-8"?>
<testsuite name="com.jerolba.carpet.reader.CarpetReaderToMapTest$RootMap" tests="10" skipped="0" failures="0" errors="0" timestamp="2025-09-27T17:18:32.738Z" hostname="runnervm3ublj" time="0.097">
  <properties/>
  <testcase name="convertRootGroupToMap()" classname="com.jerolba.carpet.reader.CarpetReaderToMapTest$RootMap" time="0.009"/>
  <testcase name="convertRootGroupPrimitiveToMap()" classname="com.jerolba.carpet.reader.CarpetReaderToMapTest$RootMap" time="0.012"/>
  <testcase name="convertRootGroupNullValuesToMap()" classname="com.jerolba.carpet.reader.CarpetReaderToMapTest$RootMap" time="0.011"/>
  <testcase name="convertMapValues()" classname="com.jerolba.carpet.reader.CarpetReaderToMapTest$RootMap" time="0.009"/>
  <testcase name="convertRootGroupObjectToMap()" classname="com.jerolba.carpet.reader.CarpetReaderToMapTest$RootMap" time="0.009"/>
  <testcase name="[1] ONE" classname="com.jerolba.carpet.reader.CarpetReaderToMapTest$RootMap" time="0.008"/>
  <testcase name="[2] TWO" classname="com.jerolba.carpet.reader.CarpetReaderToMapTest$RootMap" time="0.007"/>
  <testcase name="[3] THREE" classname="com.jerolba.carpet.reader.CarpetReaderToMapTest$RootMap" time="0.006"/>
  <testcase name="convertRootGroupGeospatialTypesToMap()" classname="com.jerolba.carpet.reader.CarpetReaderToMapTest$RootMap" time="0.016"/>
  <testcase name="convertRootGroupAnnotatedTypesToMap()" classname="com.jerolba.carpet.reader.CarpetReaderToMapTest$RootMap" time="0.008"/>
  <system-out><![CDATA[]]></system-out>
  <system-err><![CDATA[[Test worker] INFO org.apache.parquet.hadoop.InternalParquetRecordReader - RecordReader initialized will read a total of 1 records.
[Test worker] INFO org.apache.parquet.hadoop.InternalParquetRecordReader - at row 0. reading next block
[Test worker] INFO org.apache.parquet.hadoop.InternalParquetRecordReader - block read in memory in 1 ms. row count = 1
[Test worker] INFO org.apache.parquet.hadoop.InternalParquetRecordReader - RecordReader initialized will read a total of 1 records.
[Test worker] INFO org.apache.parquet.hadoop.InternalParquetRecordReader - at row 0. reading next block
[Test worker] INFO org.apache.parquet.hadoop.InternalParquetRecordReader - block read in memory in 0 ms. row count = 1
[Test worker] INFO org.apache.parquet.hadoop.InternalParquetRecordReader - RecordReader initialized will read a total of 1 records.
[Test worker] INFO org.apache.parquet.hadoop.InternalParquetRecordReader - at row 0. reading next block
[Test worker] INFO org.apache.parquet.hadoop.InternalParquetRecordReader - block read in memory in 0 ms. row count = 1
[Test worker] INFO org.apache.parquet.hadoop.InternalParquetRecordReader - RecordReader initialized will read a total of 1 records.
[Test worker] INFO org.apache.parquet.hadoop.InternalParquetRecordReader - at row 0. reading next block
[Test worker] INFO org.apache.parquet.hadoop.InternalParquetRecordReader - block read in memory in 0 ms. row count = 1
[Test worker] INFO org.apache.parquet.hadoop.InternalParquetRecordReader - RecordReader initialized will read a total of 1 records.
[Test worker] INFO org.apache.parquet.hadoop.InternalParquetRecordReader - at row 0. reading next block
[Test worker] INFO org.apache.parquet.hadoop.InternalParquetRecordReader - block read in memory in 0 ms. row count = 1
[Test worker] INFO org.apache.parquet.hadoop.InternalParquetRecordReader - RecordReader initialized will read a total of 1 records.
[Test worker] INFO org.apache.parquet.hadoop.InternalParquetRecordReader - at row 0. reading next block
[Test worker] INFO org.apache.parquet.hadoop.InternalParquetRecordReader - block read in memory in 1 ms. row count = 1
[Test worker] INFO org.apache.parquet.hadoop.InternalParquetRecordReader - RecordReader initialized will read a total of 1 records.
[Test worker] INFO org.apache.parquet.hadoop.InternalParquetRecordReader - at row 0. reading next block
[Test worker] INFO org.apache.parquet.hadoop.InternalParquetRecordReader - block read in memory in 0 ms. row count = 1
[Test worker] INFO org.apache.parquet.hadoop.InternalParquetRecordReader - RecordReader initialized will read a total of 1 records.
[Test worker] INFO org.apache.parquet.hadoop.InternalParquetRecordReader - at row 0. reading next block
[Test worker] INFO org.apache.parquet.hadoop.InternalParquetRecordReader - block read in memory in 0 ms. row count = 1
[Test worker] INFO org.apache.parquet.hadoop.InternalParquetRecordReader - RecordReader initialized will read a total of 1 records.
[Test worker] INFO org.apache.parquet.hadoop.InternalParquetRecordReader - at row 0. reading next block
[Test worker] INFO org.apache.parquet.hadoop.InternalParquetRecordReader - block read in memory in 0 ms. row count = 1
[Test worker] INFO org.apache.parquet.hadoop.InternalParquetRecordReader - RecordReader initialized will read a total of 1 records.
[Test worker] INFO org.apache.parquet.hadoop.InternalParquetRecordReader - at row 0. reading next block
[Test worker] INFO org.apache.parquet.hadoop.InternalParquetRecordReader - block read in memory in 0 ms. row count = 1
]]></system-err>
</testsuite>
