<?xml version="1.0" encoding="UTF-8"?>
<testsuite name="com.jerolba.carpet.writer.WriteRecordModelWriterTest$InListTypes$LocalTimeListWrite" tests="3" skipped="0" failures="0" errors="0" timestamp="2025-09-27T17:18:35.299Z" hostname="runnervm3ublj" time="0.017">
  <properties/>
  <testcase name="localTimeMillisList()" classname="com.jerolba.carpet.writer.WriteRecordModelWriterTest$InListTypes$LocalTimeListWrite" time="0.006"/>
  <testcase name="localTimeNanosList()" classname="com.jerolba.carpet.writer.WriteRecordModelWriterTest$InListTypes$LocalTimeListWrite" time="0.006"/>
  <testcase name="localTimeMicrosList()" classname="com.jerolba.carpet.writer.WriteRecordModelWriterTest$InListTypes$LocalTimeListWrite" time="0.005"/>
  <system-out><![CDATA[]]></system-out>
  <system-err><![CDATA[[Test worker] INFO org.apache.parquet.hadoop.InternalParquetRecordReader - RecordReader initialized will read a total of 2 records.
[Test worker] INFO org.apache.parquet.hadoop.InternalParquetRecordReader - at row 0. reading next block
[Test worker] INFO org.apache.parquet.hadoop.InternalParquetRecordReader - block read in memory in 0 ms. row count = 2
[Test worker] INFO org.apache.parquet.hadoop.InternalParquetRecordReader - RecordReader initialized will read a total of 2 records.
[Test worker] INFO org.apache.parquet.hadoop.InternalParquetRecordReader - at row 0. reading next block
[Test worker] INFO org.apache.parquet.hadoop.InternalParquetRecordReader - block read in memory in 0 ms. row count = 2
[Test worker] INFO org.apache.parquet.hadoop.InternalParquetRecordReader - RecordReader initialized will read a total of 2 records.
[Test worker] INFO org.apache.parquet.hadoop.InternalParquetRecordReader - at row 0. reading next block
[Test worker] INFO org.apache.parquet.hadoop.InternalParquetRecordReader - block read in memory in 0 ms. row count = 2
]]></system-err>
</testsuite>
