<?xml version="1.0" encoding="UTF-8"?>
<testsuite name="com.jerolba.carpet.reader.CarpetReaderTest$Dictionary$StringDictionary" tests="2" skipped="0" failures="0" errors="0" timestamp="2025-09-27T17:18:30.709Z" hostname="runnervm3ublj" time="0.685">
  <properties/>
  <testcase name="useDictionaryStringCollection()" classname="com.jerolba.carpet.reader.CarpetReaderTest$Dictionary$StringDictionary" time="0.088"/>
  <testcase name="useDictionaryString()" classname="com.jerolba.carpet.reader.CarpetReaderTest$Dictionary$StringDictionary" time="0.596"/>
  <system-out><![CDATA[]]></system-out>
  <system-err><![CDATA[[Test worker] INFO org.apache.parquet.hadoop.InternalParquetRecordReader - RecordReader initialized will read a total of 1000 records.
[Test worker] INFO org.apache.parquet.hadoop.InternalParquetRecordReader - at row 0. reading next block
[Test worker] INFO org.apache.parquet.hadoop.InternalParquetRecordReader - block read in memory in 0 ms. row count = 1000
[Test worker] INFO org.apache.parquet.hadoop.InternalParquetRecordReader - RecordReader initialized will read a total of 300000 records.
[Test worker] INFO org.apache.parquet.hadoop.InternalParquetRecordReader - at row 0. reading next block
[Test worker] INFO org.apache.parquet.hadoop.InternalParquetRecordReader - block read in memory in 0 ms. row count = 300000
[Test worker] INFO org.apache.parquet.hadoop.InternalParquetRecordReader - RecordReader initialized will read a total of 300000 records.
[Test worker] INFO org.apache.parquet.hadoop.InternalParquetRecordReader - at row 0. reading next block
[Test worker] INFO org.apache.parquet.hadoop.InternalParquetRecordReader - block read in memory in 0 ms. row count = 300000
]]></system-err>
</testsuite>
