<?xml version="1.0" encoding="UTF-8"?>
<testsuite name="com.jerolba.carpet.impl.write.JavaRecord2SchemaTest$ColumnNameConversion$ToSnakeCase" tests="2" skipped="0" failures="0" errors="0" timestamp="2025-09-27T17:18:28.374Z" hostname="runnervm3ublj" time="0.0">
  <properties/>
  <testcase name="alreadySnakeCase()" classname="com.jerolba.carpet.impl.write.JavaRecord2SchemaTest$ColumnNameConversion$ToSnakeCase" time="0.0"/>
  <testcase name="fromCamelCase()" classname="com.jerolba.carpet.impl.write.JavaRecord2SchemaTest$ColumnNameConversion$ToSnakeCase" time="0.0"/>
  <system-out><![CDATA[]]></system-out>
  <system-err><![CDATA[]]></system-err>
</testsuite>
