<?xml version="1.0" encoding="UTF-8"?>
<testsuite name="com.jerolba.carpet.impl.write.WriteRecord2SchemaTest$GeometryType" tests="4" skipped="0" failures="0" errors="0" timestamp="2025-09-27T17:18:28.754Z" hostname="runnervm3ublj" time="0.004">
  <properties/>
  <testcase name="notNullGeometryFieldFromBinary()" classname="com.jerolba.carpet.impl.write.WriteRecord2SchemaTest$GeometryType" time="0.002"/>
  <testcase name="geometryFieldFromBinaryWithoutCsr()" classname="com.jerolba.carpet.impl.write.WriteRecord2SchemaTest$GeometryType" time="0.0"/>
  <testcase name="geometryFieldFromBinaryWithProjjsonCsr()" classname="com.jerolba.carpet.impl.write.WriteRecord2SchemaTest$GeometryType" time="0.0"/>
  <testcase name="geometryFieldFromBinaryWithSridCsr()" classname="com.jerolba.carpet.impl.write.WriteRecord2SchemaTest$GeometryType" time="0.001"/>
  <system-out><![CDATA[]]></system-out>
  <system-err><![CDATA[]]></system-err>
</testsuite>
