<?xml version="1.0" encoding="UTF-8"?>
<testsuite name="com.jerolba.carpet.impl.write.JavaRecord2SchemaTest$SimpleComposition" tests="5" skipped="0" failures="0" errors="0" timestamp="2025-09-27T17:18:28.445Z" hostname="runnervm3ublj" time="0.003">
  <properties/>
  <testcase name="recursivityIsNotAllowed()" classname="com.jerolba.carpet.impl.write.JavaRecord2SchemaTest$SimpleComposition" time="0.0"/>
  <testcase name="transitiveRecursivityIsNotAllowed()" classname="com.jerolba.carpet.impl.write.JavaRecord2SchemaTest$SimpleComposition" time="0.001"/>
  <testcase name="genericAreNotAllowed()" classname="com.jerolba.carpet.impl.write.JavaRecord2SchemaTest$SimpleComposition" time="0.001"/>
  <testcase name="notNullChildRecordTest()" classname="com.jerolba.carpet.impl.write.JavaRecord2SchemaTest$SimpleComposition" time="0.0"/>
  <testcase name="simpleParentChildRecordTest()" classname="com.jerolba.carpet.impl.write.JavaRecord2SchemaTest$SimpleComposition" time="0.0"/>
  <system-out><![CDATA[]]></system-out>
  <system-err><![CDATA[]]></system-err>
</testsuite>
