<?xml version="1.0" encoding="UTF-8"?>
<testsuite name="com.jerolba.carpet.writer.CarpetWriterTest$GenericFieldsAreNotSupported" tests="1" skipped="0" failures="0" errors="0" timestamp="2025-09-27T17:18:33.867Z" hostname="runnervm3ublj" time="0.005">
  <properties/>
  <testcase name="classWithGenericField()" classname="com.jerolba.carpet.writer.CarpetWriterTest$GenericFieldsAreNotSupported" time="0.005"/>
  <system-out><![CDATA[]]></system-out>
  <system-err><![CDATA[]]></system-err>
</testsuite>
