<?xml version="1.0" encoding="UTF-8"?>
<testsuite name="com.jerolba.carpet.reader.CarpetReaderCompatibilityTest$Python" tests="3" skipped="0" failures="0" errors="0" timestamp="2025-09-27T17:18:28.773Z" hostname="runnervm3ublj" time="0.085">
  <properties/>
  <testcase name="canReadPythonNestedRecord()" classname="com.jerolba.carpet.reader.CarpetReaderCompatibilityTest$Python" time="0.07"/>
  <testcase name="canReadPythonCompliantNestedCollection()" classname="com.jerolba.carpet.reader.CarpetReaderCompatibilityTest$Python" time="0.008"/>
  <testcase name="canReadPythonNotCompliantNestedCollection()" classname="com.jerolba.carpet.reader.CarpetReaderCompatibilityTest$Python" time="0.006"/>
  <system-out><![CDATA[]]></system-out>
  <system-err><![CDATA[[Test worker] INFO org.apache.parquet.hadoop.InternalParquetRecordReader - RecordReader initialized will read a total of 2 records.
[Test worker] INFO org.apache.parquet.hadoop.InternalParquetRecordReader - at row 0. reading next block
[Test worker] INFO org.apache.hadoop.io.compress.CodecPool - Got brand-new decompressor [.snappy]
[Test worker] INFO org.apache.parquet.hadoop.InternalParquetRecordReader - block read in memory in 16 ms. row count = 2
[Test worker] INFO org.apache.parquet.hadoop.InternalParquetRecordReader - RecordReader initialized will read a total of 2 records.
[Test worker] INFO org.apache.parquet.hadoop.InternalParquetRecordReader - at row 0. reading next block
[Test worker] INFO org.apache.parquet.hadoop.InternalParquetRecordReader - block read in memory in 1 ms. row count = 2
[Test worker] INFO org.apache.parquet.hadoop.InternalParquetRecordReader - RecordReader initialized will read a total of 2 records.
[Test worker] INFO org.apache.parquet.hadoop.InternalParquetRecordReader - at row 0. reading next block
[Test worker] INFO org.apache.parquet.hadoop.InternalParquetRecordReader - block read in memory in 1 ms. row count = 2
]]></system-err>
</testsuite>
