<?xml version="1.0" encoding="UTF-8"?>
<testsuite name="com.jerolba.carpet.reader.CarpetReaderTest$ThreeLevelCollection$ListConversion" tests="5" skipped="0" failures="0" errors="0" timestamp="2025-09-27T17:18:31.711Z" hostname="runnervm3ublj" time="0.045">
  <properties/>
  <testcase name="unknownSetCollection()" classname="com.jerolba.carpet.reader.CarpetReaderTest$ThreeLevelCollection$ListConversion" time="0.008"/>
  <testcase name="genericCollection()" classname="com.jerolba.carpet.reader.CarpetReaderTest$ThreeLevelCollection$ListConversion" time="0.008"/>
  <testcase name="arrayListCollection()" classname="com.jerolba.carpet.reader.CarpetReaderTest$ThreeLevelCollection$ListConversion" time="0.01"/>
  <testcase name="linkedListCollection()" classname="com.jerolba.carpet.reader.CarpetReaderTest$ThreeLevelCollection$ListConversion" time="0.008"/>
  <testcase name="genericList()" classname="com.jerolba.carpet.reader.CarpetReaderTest$ThreeLevelCollection$ListConversion" time="0.01"/>
  <system-out><![CDATA[]]></system-out>
  <system-err><![CDATA[[Test worker] INFO org.apache.parquet.hadoop.InternalParquetRecordReader - RecordReader initialized will read a total of 1 records.
[Test worker] INFO org.apache.parquet.hadoop.InternalParquetRecordReader - at row 0. reading next block
[Test worker] INFO org.apache.parquet.hadoop.InternalParquetRecordReader - block read in memory in 0 ms. row count = 1
[Test worker] INFO org.apache.parquet.hadoop.InternalParquetRecordReader - RecordReader initialized will read a total of 1 records.
[Test worker] INFO org.apache.parquet.hadoop.InternalParquetRecordReader - at row 0. reading next block
[Test worker] INFO org.apache.parquet.hadoop.InternalParquetRecordReader - block read in memory in 0 ms. row count = 1
[Test worker] INFO org.apache.parquet.hadoop.InternalParquetRecordReader - RecordReader initialized will read a total of 1 records.
[Test worker] INFO org.apache.parquet.hadoop.InternalParquetRecordReader - at row 0. reading next block
[Test worker] INFO org.apache.parquet.hadoop.InternalParquetRecordReader - block read in memory in 0 ms. row count = 1
[Test worker] INFO org.apache.parquet.hadoop.InternalParquetRecordReader - RecordReader initialized will read a total of 1 records.
[Test worker] INFO org.apache.parquet.hadoop.InternalParquetRecordReader - at row 0. reading next block
[Test worker] INFO org.apache.parquet.hadoop.InternalParquetRecordReader - block read in memory in 0 ms. row count = 1
[Test worker] INFO org.apache.parquet.hadoop.InternalParquetRecordReader - RecordReader initialized will read a total of 1 records.
[Test worker] INFO org.apache.parquet.hadoop.InternalParquetRecordReader - at row 0. reading next block
[Test worker] INFO org.apache.parquet.hadoop.InternalParquetRecordReader - block read in memory in 0 ms. row count = 1
]]></system-err>
</testsuite>
