<?xml version="1.0" encoding="UTF-8"?>
<testsuite name="com.jerolba.carpet.CarpetRecordGeneratorTest$DoubleNestedListWithRecord" tests="2" skipped="0" failures="0" errors="0" timestamp="2025-09-27T17:18:27.998Z" hostname="runnervm3ublj" time="0.017">
  <properties/>
  <testcase name="threeLevel()" classname="com.jerolba.carpet.CarpetRecordGeneratorTest$DoubleNestedListWithRecord" time="0.008"/>
  <testcase name="twoLevel()" classname="com.jerolba.carpet.CarpetRecordGeneratorTest$DoubleNestedListWithRecord" time="0.008"/>
  <system-out><![CDATA[]]></system-out>
  <system-err><![CDATA[]]></system-err>
</testsuite>
