<?xml version="1.0" encoding="UTF-8"?>
<testsuite name="com.jerolba.carpet.CarpetRecordGeneratorTest" tests="12" skipped="0" failures="0" errors="0" timestamp="2025-09-27T17:18:25.997Z" hostname="runnervm3ublj" time="1.908">
  <properties/>
  <testcase name="variantType()" classname="com.jerolba.carpet.CarpetRecordGeneratorTest" time="1.658"/>
  <testcase name="primitiveTypes()" classname="com.jerolba.carpet.CarpetRecordGeneratorTest" time="0.114"/>
  <testcase name="simpleRecord()" classname="com.jerolba.carpet.CarpetRecordGeneratorTest" time="0.011"/>
  <testcase name="objectTypes()" classname="com.jerolba.carpet.CarpetRecordGeneratorTest" time="0.02"/>
  <testcase name="enumsAreDefinedAsStrings()" classname="com.jerolba.carpet.CarpetRecordGeneratorTest" time="0.005"/>
  <testcase name="variantTypeNotNull()" classname="com.jerolba.carpet.CarpetRecordGeneratorTest" time="0.007"/>
  <testcase name="annotatedJsonBsonTypes()" classname="com.jerolba.carpet.CarpetRecordGeneratorTest" time="0.01"/>
  <testcase name="dateAndTimeTypesNanos()" classname="com.jerolba.carpet.CarpetRecordGeneratorTest" time="0.019"/>
  <testcase name="nestedRecordNameIsExtractedFromFieldName()" classname="com.jerolba.carpet.CarpetRecordGeneratorTest" time="0.01"/>
  <testcase name="dateAndTimeTypesMillis()" classname="com.jerolba.carpet.CarpetRecordGeneratorTest" time="0.009"/>
  <testcase name="geoSpatialTypes()" classname="com.jerolba.carpet.CarpetRecordGeneratorTest" time="0.022"/>
  <testcase name="bigDecimalType()" classname="com.jerolba.carpet.CarpetRecordGeneratorTest" time="0.015"/>
  <system-out><![CDATA[]]></system-out>
  <system-err><![CDATA[[Test worker] INFO org.apache.hadoop.io.compress.CodecPool - Got brand-new compressor [.snappy]
]]></system-err>
</testsuite>
