<?xml version="1.0" encoding="UTF-8"?>
<testsuite name="com.jerolba.carpet.CarpetRecordGeneratorTest" tests="2" skipped="0" failures="0" errors="0" timestamp="2025-09-27T17:17:51.637Z" hostname="runnervm3ublj" time="1.414">
  <properties/>
  <testcase name="variantType()" classname="com.jerolba.carpet.CarpetRecordGeneratorTest" time="1.406"/>
  <testcase name="variantTypeNotNull()" classname="com.jerolba.carpet.CarpetRecordGeneratorTest" time="0.008"/>
  <system-out><![CDATA[]]></system-out>
  <system-err><![CDATA[[Test worker] INFO org.apache.hadoop.io.compress.CodecPool - Got brand-new compressor [.snappy]
]]></system-err>
</testsuite>
