<?xml version="1.0" encoding="UTF-8"?>
<testsuite name="com.jerolba.carpet.writer.WriteRecordModelWriterMapTest" tests="29" skipped="0" failures="0" errors="0" timestamp="2025-09-27T17:18:34.900Z" hostname="runnervm3ublj" time="0.208">
  <properties/>
  <testcase name="nestedMap_MapRecordValue()" classname="com.jerolba.carpet.writer.WriteRecordModelWriterMapTest" time="0.007"/>
  <testcase name="mapPrimitiveValue()" classname="com.jerolba.carpet.writer.WriteRecordModelWriterMapTest" time="0.008"/>
  <testcase name="mapKeyRecord()" classname="com.jerolba.carpet.writer.WriteRecordModelWriterMapTest" time="0.006"/>
  <testcase name="mapRecordValue()" classname="com.jerolba.carpet.writer.WriteRecordModelWriterMapTest" time="0.007"/>
  <testcase name="mapGeometryValue()" classname="com.jerolba.carpet.writer.WriteRecordModelWriterMapTest" time="0.007"/>
  <testcase name="mapRecordKeyNull()" classname="com.jerolba.carpet.writer.WriteRecordModelWriterMapTest" time="0.004"/>
  <testcase name="mapVariantValue()" classname="com.jerolba.carpet.writer.WriteRecordModelWriterMapTest" time="0.007"/>
  <testcase name="nestedMap_MapPrimitiveValue()" classname="com.jerolba.carpet.writer.WriteRecordModelWriterMapTest" time="0.007"/>
  <testcase name="emptyNestedListIsSupported()" classname="com.jerolba.carpet.writer.WriteRecordModelWriterMapTest" time="0.006"/>
  <testcase name="nestedMap_MapPrimitiveValueNull()" classname="com.jerolba.carpet.writer.WriteRecordModelWriterMapTest" time="0.006"/>
  <testcase name="mapJsonValue()" classname="com.jerolba.carpet.writer.WriteRecordModelWriterMapTest" time="0.007"/>
  <testcase name="mapBigDecimalValue()" classname="com.jerolba.carpet.writer.WriteRecordModelWriterMapTest" time="0.008"/>
  <testcase name="emptyNestedMapIsSupported()" classname="com.jerolba.carpet.writer.WriteRecordModelWriterMapTest" time="0.008"/>
  <testcase name="mapGeographyValue()" classname="com.jerolba.carpet.writer.WriteRecordModelWriterMapTest" time="0.006"/>
  <testcase name="mapBinaryValue()" classname="com.jerolba.carpet.writer.WriteRecordModelWriterMapTest" time="0.006"/>
  <testcase name="nestedMap_MapRecordValueNull()" classname="com.jerolba.carpet.writer.WriteRecordModelWriterMapTest" time="0.006"/>
  <testcase name="mapGeometryJtsValue()" classname="com.jerolba.carpet.writer.WriteRecordModelWriterMapTest" time="0.007"/>
  <testcase name="mapStringKeyAndValue()" classname="com.jerolba.carpet.writer.WriteRecordModelWriterMapTest" time="0.007"/>
  <testcase name="mapEnumValue()" classname="com.jerolba.carpet.writer.WriteRecordModelWriterMapTest" time="0.007"/>
  <testcase name="emptyMapIsTransformedToEmptyMap()" classname="com.jerolba.carpet.writer.WriteRecordModelWriterMapTest" time="0.006"/>
  <testcase name="mapGeographyJtsValue()" classname="com.jerolba.carpet.writer.WriteRecordModelWriterMapTest" time="0.008"/>
  <testcase name="nestedMap_Record_Map()" classname="com.jerolba.carpet.writer.WriteRecordModelWriterMapTest" time="0.007"/>
  <testcase name="mapKeyRecord_ValueRecord()" classname="com.jerolba.carpet.writer.WriteRecordModelWriterMapTest" time="0.008"/>
  <testcase name="mapStringAsEnumValue()" classname="com.jerolba.carpet.writer.WriteRecordModelWriterMapTest" time="0.011"/>
  <testcase name="nullNestedListIsSupported()" classname="com.jerolba.carpet.writer.WriteRecordModelWriterMapTest" time="0.007"/>
  <testcase name="nullNestedMapIsSupported()" classname="com.jerolba.carpet.writer.WriteRecordModelWriterMapTest" time="0.007"/>
  <testcase name="mapBigDecimalAnnotatedValue()" classname="com.jerolba.carpet.writer.WriteRecordModelWriterMapTest" time="0.007"/>
  <testcase name="mapPrimitiveValueNull()" classname="com.jerolba.carpet.writer.WriteRecordModelWriterMapTest" time="0.008"/>
  <testcase name="mapRecordValueNull()" classname="com.jerolba.carpet.writer.WriteRecordModelWriterMapTest" time="0.006"/>
  <system-out><![CDATA[]]></system-out>
  <system-err><![CDATA[[Test worker] INFO org.apache.parquet.hadoop.InternalParquetRecordReader - RecordReader initialized will read a total of 2 records.
[Test worker] INFO org.apache.parquet.hadoop.InternalParquetRecordReader - at row 0. reading next block
[Test worker] INFO org.apache.parquet.hadoop.InternalParquetRecordReader - block read in memory in 0 ms. row count = 2
[Test worker] INFO org.apache.parquet.hadoop.InternalParquetRecordReader - RecordReader initialized will read a total of 2 records.
[Test worker] INFO org.apache.parquet.hadoop.InternalParquetRecordReader - at row 0. reading next block
[Test worker] INFO org.apache.parquet.hadoop.InternalParquetRecordReader - block read in memory in 0 ms. row count = 2
[Test worker] INFO org.apache.parquet.hadoop.InternalParquetRecordReader - RecordReader initialized will read a total of 2 records.
[Test worker] INFO org.apache.parquet.hadoop.InternalParquetRecordReader - at row 0. reading next block
[Test worker] INFO org.apache.parquet.hadoop.InternalParquetRecordReader - block read in memory in 0 ms. row count = 2
[Test worker] INFO org.apache.parquet.hadoop.InternalParquetRecordReader - RecordReader initialized will read a total of 1 records.
[Test worker] INFO org.apache.parquet.hadoop.InternalParquetRecordReader - at row 0. reading next block
[Test worker] INFO org.apache.parquet.hadoop.InternalParquetRecordReader - block read in memory in 0 ms. row count = 1
[Test worker] INFO org.apache.parquet.hadoop.InternalParquetRecordReader - RecordReader initialized will read a total of 2 records.
[Test worker] INFO org.apache.parquet.hadoop.InternalParquetRecordReader - at row 0. reading next block
[Test worker] INFO org.apache.parquet.hadoop.InternalParquetRecordReader - block read in memory in 0 ms. row count = 2
[Test worker] INFO org.apache.parquet.hadoop.InternalParquetRecordReader - RecordReader initialized will read a total of 2 records.
[Test worker] INFO org.apache.parquet.hadoop.InternalParquetRecordReader - at row 0. reading next block
[Test worker] INFO org.apache.parquet.hadoop.InternalParquetRecordReader - block read in memory in 0 ms. row count = 2
[Test worker] INFO org.apache.parquet.hadoop.InternalParquetRecordReader - RecordReader initialized will read a total of 2 records.
[Test worker] INFO org.apache.parquet.hadoop.InternalParquetRecordReader - at row 0. reading next block
[Test worker] INFO org.apache.parquet.hadoop.InternalParquetRecordReader - block read in memory in 0 ms. row count = 2
[Test worker] INFO org.apache.parquet.hadoop.InternalParquetRecordReader - RecordReader initialized will read a total of 2 records.
[Test worker] INFO org.apache.parquet.hadoop.InternalParquetRecordReader - at row 0. reading next block
[Test worker] INFO org.apache.parquet.hadoop.InternalParquetRecordReader - block read in memory in 0 ms. row count = 2
[Test worker] INFO org.apache.parquet.hadoop.InternalParquetRecordReader - RecordReader initialized will read a total of 2 records.
[Test worker] INFO org.apache.parquet.hadoop.InternalParquetRecordReader - at row 0. reading next block
[Test worker] INFO org.apache.parquet.hadoop.InternalParquetRecordReader - block read in memory in 0 ms. row count = 2
[Test worker] INFO org.apache.parquet.hadoop.InternalParquetRecordReader - RecordReader initialized will read a total of 2 records.
[Test worker] INFO org.apache.parquet.hadoop.InternalParquetRecordReader - at row 0. reading next block
[Test worker] INFO org.apache.parquet.hadoop.InternalParquetRecordReader - block read in memory in 0 ms. row count = 2
[Test worker] INFO org.apache.parquet.hadoop.InternalParquetRecordReader - RecordReader initialized will read a total of 1 records.
[Test worker] INFO org.apache.parquet.hadoop.InternalParquetRecordReader - at row 0. reading next block
[Test worker] INFO org.apache.parquet.hadoop.InternalParquetRecordReader - block read in memory in 0 ms. row count = 1
[Test worker] INFO org.apache.parquet.hadoop.InternalParquetRecordReader - RecordReader initialized will read a total of 2 records.
[Test worker] INFO org.apache.parquet.hadoop.InternalParquetRecordReader - at row 0. reading next block
[Test worker] INFO org.apache.parquet.hadoop.InternalParquetRecordReader - block read in memory in 0 ms. row count = 2
[Test worker] INFO org.apache.parquet.hadoop.InternalParquetRecordReader - RecordReader initialized will read a total of 2 records.
[Test worker] INFO org.apache.parquet.hadoop.InternalParquetRecordReader - at row 0. reading next block
[Test worker] INFO org.apache.parquet.hadoop.InternalParquetRecordReader - block read in memory in 0 ms. row count = 2
[Test worker] INFO org.apache.parquet.hadoop.InternalParquetRecordReader - RecordReader initialized will read a total of 2 records.
[Test worker] INFO org.apache.parquet.hadoop.InternalParquetRecordReader - at row 0. reading next block
[Test worker] INFO org.apache.parquet.hadoop.InternalParquetRecordReader - block read in memory in 0 ms. row count = 2
[Test worker] INFO org.apache.parquet.hadoop.InternalParquetRecordReader - RecordReader initialized will read a total of 1 records.
[Test worker] INFO org.apache.parquet.hadoop.InternalParquetRecordReader - at row 0. reading next block
[Test worker] INFO org.apache.parquet.hadoop.InternalParquetRecordReader - block read in memory in 0 ms. row count = 1
[Test worker] INFO org.apache.parquet.hadoop.InternalParquetRecordReader - RecordReader initialized will read a total of 1 records.
[Test worker] INFO org.apache.parquet.hadoop.InternalParquetRecordReader - at row 0. reading next block
[Test worker] INFO org.apache.parquet.hadoop.InternalParquetRecordReader - block read in memory in 0 ms. row count = 1
[Test worker] INFO org.apache.parquet.hadoop.InternalParquetRecordReader - RecordReader initialized will read a total of 1 records.
[Test worker] INFO org.apache.parquet.hadoop.InternalParquetRecordReader - at row 0. reading next block
[Test worker] INFO org.apache.parquet.hadoop.InternalParquetRecordReader - block read in memory in 0 ms. row count = 1
[Test worker] INFO org.apache.parquet.hadoop.InternalParquetRecordReader - RecordReader initialized will read a total of 2 records.
[Test worker] INFO org.apache.parquet.hadoop.InternalParquetRecordReader - at row 0. reading next block
[Test worker] INFO org.apache.parquet.hadoop.InternalParquetRecordReader - block read in memory in 0 ms. row count = 2
[Test worker] INFO org.apache.parquet.hadoop.InternalParquetRecordReader - RecordReader initialized will read a total of 2 records.
[Test worker] INFO org.apache.parquet.hadoop.InternalParquetRecordReader - at row 0. reading next block
[Test worker] INFO org.apache.parquet.hadoop.InternalParquetRecordReader - block read in memory in 1 ms. row count = 2
[Test worker] INFO org.apache.parquet.hadoop.InternalParquetRecordReader - RecordReader initialized will read a total of 2 records.
[Test worker] INFO org.apache.parquet.hadoop.InternalParquetRecordReader - at row 0. reading next block
[Test worker] INFO org.apache.parquet.hadoop.InternalParquetRecordReader - block read in memory in 1 ms. row count = 2
[Test worker] INFO org.apache.parquet.hadoop.InternalParquetRecordReader - RecordReader initialized will read a total of 2 records.
[Test worker] INFO org.apache.parquet.hadoop.InternalParquetRecordReader - at row 0. reading next block
[Test worker] INFO org.apache.parquet.hadoop.InternalParquetRecordReader - block read in memory in 0 ms. row count = 2
[Test worker] INFO org.apache.parquet.hadoop.InternalParquetRecordReader - RecordReader initialized will read a total of 1 records.
[Test worker] INFO org.apache.parquet.hadoop.InternalParquetRecordReader - at row 0. reading next block
[Test worker] INFO org.apache.parquet.hadoop.InternalParquetRecordReader - block read in memory in 0 ms. row count = 1
[Test worker] INFO org.apache.parquet.hadoop.InternalParquetRecordReader - RecordReader initialized will read a total of 2 records.
[Test worker] INFO org.apache.parquet.hadoop.InternalParquetRecordReader - at row 0. reading next block
[Test worker] INFO org.apache.parquet.hadoop.InternalParquetRecordReader - block read in memory in 0 ms. row count = 2
[Test worker] INFO org.apache.parquet.hadoop.InternalParquetRecordReader - RecordReader initialized will read a total of 2 records.
[Test worker] INFO org.apache.parquet.hadoop.InternalParquetRecordReader - at row 0. reading next block
[Test worker] INFO org.apache.parquet.hadoop.InternalParquetRecordReader - block read in memory in 0 ms. row count = 2
[Test worker] INFO org.apache.parquet.hadoop.InternalParquetRecordReader - RecordReader initialized will read a total of 2 records.
[Test worker] INFO org.apache.parquet.hadoop.InternalParquetRecordReader - at row 0. reading next block
[Test worker] INFO org.apache.parquet.hadoop.InternalParquetRecordReader - block read in memory in 0 ms. row count = 2
[Test worker] INFO org.apache.parquet.hadoop.InternalParquetRecordReader - RecordReader initialized will read a total of 2 records.
[Test worker] INFO org.apache.parquet.hadoop.InternalParquetRecordReader - at row 0. reading next block
[Test worker] INFO org.apache.parquet.hadoop.InternalParquetRecordReader - block read in memory in 0 ms. row count = 2
[Test worker] INFO org.apache.parquet.hadoop.InternalParquetRecordReader - RecordReader initialized will read a total of 2 records.
[Test worker] INFO org.apache.parquet.hadoop.InternalParquetRecordReader - at row 0. reading next block
[Test worker] INFO org.apache.parquet.hadoop.InternalParquetRecordReader - block read in memory in 0 ms. row count = 2
[Test worker] INFO org.apache.parquet.hadoop.InternalParquetRecordReader - RecordReader initialized will read a total of 2 records.
[Test worker] INFO org.apache.parquet.hadoop.InternalParquetRecordReader - at row 0. reading next block
[Test worker] INFO org.apache.parquet.hadoop.InternalParquetRecordReader - block read in memory in 0 ms. row count = 2
[Test worker] INFO org.apache.parquet.hadoop.InternalParquetRecordReader - RecordReader initialized will read a total of 1 records.
[Test worker] INFO org.apache.parquet.hadoop.InternalParquetRecordReader - at row 0. reading next block
[Test worker] INFO org.apache.parquet.hadoop.InternalParquetRecordReader - block read in memory in 0 ms. row count = 1
[Test worker] INFO org.apache.parquet.hadoop.InternalParquetRecordReader - RecordReader initialized will read a total of 2 records.
[Test worker] INFO org.apache.parquet.hadoop.InternalParquetRecordReader - at row 0. reading next block
[Test worker] INFO org.apache.parquet.hadoop.InternalParquetRecordReader - block read in memory in 0 ms. row count = 2
[Test worker] INFO org.apache.parquet.hadoop.InternalParquetRecordReader - RecordReader initialized will read a total of 2 records.
[Test worker] INFO org.apache.parquet.hadoop.InternalParquetRecordReader - at row 0. reading next block
[Test worker] INFO org.apache.parquet.hadoop.InternalParquetRecordReader - block read in memory in 0 ms. row count = 2
[Test worker] INFO org.apache.parquet.hadoop.InternalParquetRecordReader - RecordReader initialized will read a total of 1 records.
[Test worker] INFO org.apache.parquet.hadoop.InternalParquetRecordReader - at row 0. reading next block
[Test worker] INFO org.apache.parquet.hadoop.InternalParquetRecordReader - block read in memory in 0 ms. row count = 1
[Test worker] INFO org.apache.parquet.hadoop.InternalParquetRecordReader - RecordReader initialized will read a total of 1 records.
[Test worker] INFO org.apache.parquet.hadoop.InternalParquetRecordReader - at row 0. reading next block
[Test worker] INFO org.apache.parquet.hadoop.InternalParquetRecordReader - block read in memory in 0 ms. row count = 1
[Test worker] INFO org.apache.parquet.hadoop.InternalParquetRecordReader - RecordReader initialized will read a total of 2 records.
[Test worker] INFO org.apache.parquet.hadoop.InternalParquetRecordReader - at row 0. reading next block
[Test worker] INFO org.apache.parquet.hadoop.InternalParquetRecordReader - block read in memory in 0 ms. row count = 2
[Test worker] INFO org.apache.parquet.hadoop.InternalParquetRecordReader - RecordReader initialized will read a total of 2 records.
[Test worker] INFO org.apache.parquet.hadoop.InternalParquetRecordReader - at row 0. reading next block
[Test worker] INFO org.apache.parquet.hadoop.InternalParquetRecordReader - block read in memory in 0 ms. row count = 2
[Test worker] INFO org.apache.parquet.hadoop.InternalParquetRecordReader - RecordReader initialized will read a total of 2 records.
[Test worker] INFO org.apache.parquet.hadoop.InternalParquetRecordReader - at row 0. reading next block
[Test worker] INFO org.apache.parquet.hadoop.InternalParquetRecordReader - block read in memory in 0 ms. row count = 2
[Test worker] INFO org.apache.parquet.hadoop.InternalParquetRecordReader - RecordReader initialized will read a total of 1 records.
[Test worker] INFO org.apache.parquet.hadoop.InternalParquetRecordReader - at row 0. reading next block
[Test worker] INFO org.apache.parquet.hadoop.InternalParquetRecordReader - block read in memory in 1 ms. row count = 1
[Test worker] INFO org.apache.parquet.hadoop.InternalParquetRecordReader - RecordReader initialized will read a total of 1 records.
[Test worker] INFO org.apache.parquet.hadoop.InternalParquetRecordReader - at row 0. reading next block
[Test worker] INFO org.apache.parquet.hadoop.InternalParquetRecordReader - block read in memory in 0 ms. row count = 1
[Test worker] INFO org.apache.parquet.hadoop.InternalParquetRecordReader - RecordReader initialized will read a total of 1 records.
[Test worker] INFO org.apache.parquet.hadoop.InternalParquetRecordReader - at row 0. reading next block
[Test worker] INFO org.apache.parquet.hadoop.InternalParquetRecordReader - block read in memory in 1 ms. row count = 1
[Test worker] INFO org.apache.parquet.hadoop.InternalParquetRecordReader - RecordReader initialized will read a total of 1 records.
[Test worker] INFO org.apache.parquet.hadoop.InternalParquetRecordReader - at row 0. reading next block
[Test worker] INFO org.apache.parquet.hadoop.InternalParquetRecordReader - block read in memory in 0 ms. row count = 1
[Test worker] INFO org.apache.parquet.hadoop.InternalParquetRecordReader - RecordReader initialized will read a total of 2 records.
[Test worker] INFO org.apache.parquet.hadoop.InternalParquetRecordReader - at row 0. reading next block
[Test worker] INFO org.apache.parquet.hadoop.InternalParquetRecordReader - block read in memory in 0 ms. row count = 2
[Test worker] INFO org.apache.parquet.hadoop.InternalParquetRecordReader - RecordReader initialized will read a total of 2 records.
[Test worker] INFO org.apache.parquet.hadoop.InternalParquetRecordReader - at row 0. reading next block
[Test worker] INFO org.apache.parquet.hadoop.InternalParquetRecordReader - block read in memory in 0 ms. row count = 2
[Test worker] INFO org.apache.parquet.hadoop.InternalParquetRecordReader - RecordReader initialized will read a total of 2 records.
[Test worker] INFO org.apache.parquet.hadoop.InternalParquetRecordReader - at row 0. reading next block
[Test worker] INFO org.apache.parquet.hadoop.InternalParquetRecordReader - block read in memory in 0 ms. row count = 2
]]></system-err>
</testsuite>
