<?xml version="1.0" encoding="UTF-8"?>
<testsuite name="com.jerolba.carpet.impl.write.WriteRecord2SchemaTest$TimeStampDefinition$InstantDefinition" tests="3" skipped="0" failures="0" errors="0" timestamp="2025-09-27T17:18:28.731Z" hostname="runnervm3ublj" time="0.001">
  <properties/>
  <testcase name="micros()" classname="com.jerolba.carpet.impl.write.WriteRecord2SchemaTest$TimeStampDefinition$InstantDefinition" time="0.0"/>
  <testcase name="millis()" classname="com.jerolba.carpet.impl.write.WriteRecord2SchemaTest$TimeStampDefinition$InstantDefinition" time="0.001"/>
  <testcase name="nanos()" classname="com.jerolba.carpet.impl.write.WriteRecord2SchemaTest$TimeStampDefinition$InstantDefinition" time="0.0"/>
  <system-out><![CDATA[]]></system-out>
  <system-err><![CDATA[]]></system-err>
</testsuite>
