<?xml version="1.0" encoding="UTF-8"?>
<testsuite name="com.jerolba.carpet.writer.WriteRecordModelWriterTest$ColumnNameConversion" tests="2" skipped="0" failures="0" errors="0" timestamp="2025-09-27T17:18:35.174Z" hostname="runnervm3ublj" time="0.019">
  <properties/>
  <testcase name="fieldAliased()" classname="com.jerolba.carpet.writer.WriteRecordModelWriterTest$ColumnNameConversion" time="0.009"/>
  <testcase name="fromCamelCase()" classname="com.jerolba.carpet.writer.WriteRecordModelWriterTest$ColumnNameConversion" time="0.009"/>
  <system-out><![CDATA[]]></system-out>
  <system-err><![CDATA[[Test worker] INFO org.apache.parquet.hadoop.InternalParquetRecordReader - RecordReader initialized will read a total of 1 records.
[Test worker] INFO org.apache.parquet.hadoop.InternalParquetRecordReader - at row 0. reading next block
[Test worker] INFO org.apache.parquet.hadoop.InternalParquetRecordReader - block read in memory in 0 ms. row count = 1
[Test worker] INFO org.apache.parquet.hadoop.InternalParquetRecordReader - RecordReader initialized will read a total of 1 records.
[Test worker] INFO org.apache.parquet.hadoop.InternalParquetRecordReader - at row 0. reading next block
[Test worker] INFO org.apache.parquet.hadoop.InternalParquetRecordReader - block read in memory in 0 ms. row count = 1
]]></system-err>
</testsuite>
