<?xml version="1.0" encoding="UTF-8"?>
<testsuite name="com.jerolba.carpet.CarpetRecordGeneratorTest$RepeatedRecords" tests="2" skipped="0" failures="0" errors="0" timestamp="2025-09-27T17:18:27.907Z" hostname="runnervm3ublj" time="0.025">
  <properties/>
  <testcase name="repeatedInDifferentSameLevel()" classname="com.jerolba.carpet.CarpetRecordGeneratorTest$RepeatedRecords" time="0.01"/>
  <testcase name="repeatedInSameLevel()" classname="com.jerolba.carpet.CarpetRecordGeneratorTest$RepeatedRecords" time="0.014"/>
  <system-out><![CDATA[]]></system-out>
  <system-err><![CDATA[]]></system-err>
</testsuite>
