<?xml version="1.0" encoding="UTF-8"?>
<testsuite name="com.jerolba.carpet.impl.write.JavaRecordMapper2SchemaTest$ColumnNameConversion" tests="1" skipped="0" failures="0" errors="0" timestamp="2025-09-27T17:18:28.516Z" hostname="runnervm3ublj" time="0.001">
  <properties/>
  <testcase name="fieldAliasRecordTest()" classname="com.jerolba.carpet.impl.write.JavaRecordMapper2SchemaTest$ColumnNameConversion" time="0.001"/>
  <system-out><![CDATA[]]></system-out>
  <system-err><![CDATA[]]></system-err>
</testsuite>
