<?xml version="1.0" encoding="UTF-8"?>
<testsuite name="com.jerolba.carpet.impl.write.WriteRecord2SchemaTest$GeographyType" tests="4" skipped="0" failures="0" errors="0" timestamp="2025-09-27T17:18:28.750Z" hostname="runnervm3ublj" time="0.003">
  <properties/>
  <testcase name="geographyFieldFromBinaryWithAlgorithmConfiguresDefaultCrs()" classname="com.jerolba.carpet.impl.write.WriteRecord2SchemaTest$GeographyType" time="0.001"/>
  <testcase name="notNullGeographyFieldFromBinary()" classname="com.jerolba.carpet.impl.write.WriteRecord2SchemaTest$GeographyType" time="0.001"/>
  <testcase name="geographyFieldFromBinaryWithSridCsrConfiguresDefaultAlgorithm()" classname="com.jerolba.carpet.impl.write.WriteRecord2SchemaTest$GeographyType" time="0.001"/>
  <testcase name="geographyFieldFromBinaryWithoutAnnotatedValues()" classname="com.jerolba.carpet.impl.write.WriteRecord2SchemaTest$GeographyType" time="0.0"/>
  <system-out><![CDATA[]]></system-out>
  <system-err><![CDATA[]]></system-err>
</testsuite>
