<?xml version="1.0" encoding="UTF-8"?>
<testsuite name="com.jerolba.carpet.impl.read.SchemaFilterTest$SnakeCaseConversion" tests="4" skipped="0" failures="0" errors="0" timestamp="2025-09-27T17:18:28.113Z" hostname="runnervm3ublj" time="0.009">
  <properties/>
  <testcase name="priorityOnMatchingColumns()" classname="com.jerolba.carpet.impl.read.SchemaFilterTest$SnakeCaseConversion" time="0.003"/>
  <testcase name="mapSnakeCaseColumnNameWhenEnabled()" classname="com.jerolba.carpet.impl.read.SchemaFilterTest$SnakeCaseConversion" time="0.001"/>
  <testcase name="priorityOnAliasedFields()" classname="com.jerolba.carpet.impl.read.SchemaFilterTest$SnakeCaseConversion" time="0.002"/>
  <testcase name="canNotMapSnakeCaseColumnNameIfDisabled()" classname="com.jerolba.carpet.impl.read.SchemaFilterTest$SnakeCaseConversion" time="0.002"/>
  <system-out><![CDATA[]]></system-out>
  <system-err><![CDATA[]]></system-err>
</testsuite>
