<?xml version="1.0" encoding="UTF-8"?>
<testsuite name="com.jerolba.carpet.reader.CarpetReaderTest$VariantTypes" tests="1" skipped="0" failures="0" errors="0" timestamp="2025-09-27T17:18:31.444Z" hostname="runnervm3ublj" time="0.015">
  <properties/>
  <testcase name="canReadVariantTypes()" classname="com.jerolba.carpet.reader.CarpetReaderTest$VariantTypes" time="0.015"/>
  <system-out><![CDATA[]]></system-out>
  <system-err><![CDATA[[Test worker] INFO org.apache.parquet.hadoop.InternalParquetRecordReader - RecordReader initialized will read a total of 2 records.
[Test worker] INFO org.apache.parquet.hadoop.InternalParquetRecordReader - at row 0. reading next block
[Test worker] INFO org.apache.parquet.hadoop.InternalParquetRecordReader - block read in memory in 1 ms. row count = 2
]]></system-err>
</testsuite>
