<?xml version="1.0" encoding="UTF-8"?>
<testsuite name="com.jerolba.carpet.impl.read.SchemaFilterTest$ParquetFieldsMatchingRecordFields" tests="4" skipped="0" failures="0" errors="0" timestamp="2025-09-27T17:18:28.279Z" hostname="runnervm3ublj" time="0.004">
  <properties/>
  <testcase name="ifSchemaHasMoreFieldsThanNeededAreFilteredInProjection()" classname="com.jerolba.carpet.impl.read.SchemaFilterTest$ParquetFieldsMatchingRecordFields" time="0.001"/>
  <testcase name="ifSchemaHasLessFieldsThanNeededButSupportsItFieldsAreNulled()" classname="com.jerolba.carpet.impl.read.SchemaFilterTest$ParquetFieldsMatchingRecordFields" time="0.001"/>
  <testcase name="fieldsMatch()" classname="com.jerolba.carpet.impl.read.SchemaFilterTest$ParquetFieldsMatchingRecordFields" time="0.001"/>
  <testcase name="ifSchemaHasLessFieldsThanNeededProjectionFails()" classname="com.jerolba.carpet.impl.read.SchemaFilterTest$ParquetFieldsMatchingRecordFields" time="0.001"/>
  <system-out><![CDATA[]]></system-out>
  <system-err><![CDATA[]]></system-err>
</testsuite>
