<?xml version="1.0" encoding="UTF-8"?>
<testsuite name="com.jerolba.carpet.reader.CarpetReaderTest$DateTypes" tests="1" skipped="0" failures="0" errors="0" timestamp="2025-09-27T17:18:32.196Z" hostname="runnervm3ublj" time="0.005">
  <properties/>
  <testcase name="localDate()" classname="com.jerolba.carpet.reader.CarpetReaderTest$DateTypes" time="0.005"/>
  <system-out><![CDATA[]]></system-out>
  <system-err><![CDATA[[Test worker] INFO org.apache.parquet.hadoop.InternalParquetRecordReader - RecordReader initialized will read a total of 2 records.
[Test worker] INFO org.apache.parquet.hadoop.InternalParquetRecordReader - at row 0. reading next block
[Test worker] INFO org.apache.parquet.hadoop.InternalParquetRecordReader - block read in memory in 0 ms. row count = 2
[Test worker] INFO org.apache.parquet.hadoop.InternalParquetRecordReader - RecordReader initialized will read a total of 2 records.
[Test worker] INFO org.apache.parquet.hadoop.InternalParquetRecordReader - at row 0. reading next block
[Test worker] INFO org.apache.parquet.hadoop.InternalParquetRecordReader - block read in memory in 0 ms. row count = 2
]]></system-err>
</testsuite>
