<?xml version="1.0" encoding="UTF-8"?>
<testsuite name="com.jerolba.carpet.writer.WriteRecordModelWriterCollectionOneLevelTest" tests="21" skipped="0" failures="0" errors="0" timestamp="2025-09-27T17:18:34.416Z" hostname="runnervm3ublj" time="0.149">
  <properties/>
  <testcase name="simpleCompositeCollection()" classname="com.jerolba.carpet.writer.WriteRecordModelWriterCollectionOneLevelTest" time="0.011"/>
  <testcase name="emptyCollectionIsTransformedToNull()" classname="com.jerolba.carpet.writer.WriteRecordModelWriterCollectionOneLevelTest" time="0.008"/>
  <testcase name="simpleStringAsEnumCollection()" classname="com.jerolba.carpet.writer.WriteRecordModelWriterCollectionOneLevelTest" time="0.009"/>
  <testcase name="consecutiveNestedCollectionsAreNotSupported()" classname="com.jerolba.carpet.writer.WriteRecordModelWriterCollectionOneLevelTest" time="0.001"/>
  <testcase name="setCollectionAsListIsSupported()" classname="com.jerolba.carpet.writer.WriteRecordModelWriterCollectionOneLevelTest" time="0.008"/>
  <testcase name="simpleGeographyCollection()" classname="com.jerolba.carpet.writer.WriteRecordModelWriterCollectionOneLevelTest" time="0.008"/>
  <testcase name="simpleGeometryCollection()" classname="com.jerolba.carpet.writer.WriteRecordModelWriterCollectionOneLevelTest" time="0.008"/>
  <testcase name="simpleBsonCollection()" classname="com.jerolba.carpet.writer.WriteRecordModelWriterCollectionOneLevelTest" time="0.009"/>
  <testcase name="simpleGeographyJtsCollection()" classname="com.jerolba.carpet.writer.WriteRecordModelWriterCollectionOneLevelTest" time="0.008"/>
  <testcase name="simpleJsonCollection()" classname="com.jerolba.carpet.writer.WriteRecordModelWriterCollectionOneLevelTest" time="0.006"/>
  <testcase name="simpleBigDecimalCollection()" classname="com.jerolba.carpet.writer.WriteRecordModelWriterCollectionOneLevelTest" time="0.01"/>
  <testcase name="simpleVariantCollection()" classname="com.jerolba.carpet.writer.WriteRecordModelWriterCollectionOneLevelTest" time="0.006"/>
  <testcase name="nonConsecutiveNestedCollections()" classname="com.jerolba.carpet.writer.WriteRecordModelWriterCollectionOneLevelTest" time="0.006"/>
  <testcase name="simpleTypeCollection()" classname="com.jerolba.carpet.writer.WriteRecordModelWriterCollectionOneLevelTest" time="0.005"/>
  <testcase name="simpleBigDecimalAnnotatedCollection()" classname="com.jerolba.carpet.writer.WriteRecordModelWriterCollectionOneLevelTest" time="0.005"/>
  <testcase name="setCollectionAsSetIsSupported()" classname="com.jerolba.carpet.writer.WriteRecordModelWriterCollectionOneLevelTest" time="0.007"/>
  <testcase name="simpleBinaryCollection()" classname="com.jerolba.carpet.writer.WriteRecordModelWriterCollectionOneLevelTest" time="0.005"/>
  <testcase name="simpleEnumCollection()" classname="com.jerolba.carpet.writer.WriteRecordModelWriterCollectionOneLevelTest" time="0.006"/>
  <testcase name="simpleGeometryJtsCollection()" classname="com.jerolba.carpet.writer.WriteRecordModelWriterCollectionOneLevelTest" time="0.006"/>
  <testcase name="nestedMapInCollection()" classname="com.jerolba.carpet.writer.WriteRecordModelWriterCollectionOneLevelTest" time="0.006"/>
  <testcase name="simpleStringCollection()" classname="com.jerolba.carpet.writer.WriteRecordModelWriterCollectionOneLevelTest" time="0.005"/>
  <system-out><![CDATA[]]></system-out>
  <system-err><![CDATA[[Test worker] INFO org.apache.parquet.hadoop.InternalParquetRecordReader - RecordReader initialized will read a total of 1 records.
[Test worker] INFO org.apache.parquet.hadoop.InternalParquetRecordReader - at row 0. reading next block
[Test worker] INFO org.apache.parquet.hadoop.InternalParquetRecordReader - block read in memory in 0 ms. row count = 1
[Test worker] INFO org.apache.parquet.hadoop.InternalParquetRecordReader - RecordReader initialized will read a total of 1 records.
[Test worker] INFO org.apache.parquet.hadoop.InternalParquetRecordReader - at row 0. reading next block
[Test worker] INFO org.apache.parquet.hadoop.InternalParquetRecordReader - block read in memory in 0 ms. row count = 1
[Test worker] INFO org.apache.parquet.hadoop.InternalParquetRecordReader - RecordReader initialized will read a total of 1 records.
[Test worker] INFO org.apache.parquet.hadoop.InternalParquetRecordReader - at row 0. reading next block
[Test worker] INFO org.apache.parquet.hadoop.InternalParquetRecordReader - block read in memory in 0 ms. row count = 1
[Test worker] INFO org.apache.parquet.hadoop.InternalParquetRecordReader - RecordReader initialized will read a total of 1 records.
[Test worker] INFO org.apache.parquet.hadoop.InternalParquetRecordReader - at row 0. reading next block
[Test worker] INFO org.apache.parquet.hadoop.InternalParquetRecordReader - block read in memory in 0 ms. row count = 1
[Test worker] INFO org.apache.parquet.hadoop.InternalParquetRecordReader - RecordReader initialized will read a total of 1 records.
[Test worker] INFO org.apache.parquet.hadoop.InternalParquetRecordReader - at row 0. reading next block
[Test worker] INFO org.apache.parquet.hadoop.InternalParquetRecordReader - block read in memory in 0 ms. row count = 1
[Test worker] INFO org.apache.parquet.hadoop.InternalParquetRecordReader - RecordReader initialized will read a total of 1 records.
[Test worker] INFO org.apache.parquet.hadoop.InternalParquetRecordReader - at row 0. reading next block
[Test worker] INFO org.apache.parquet.hadoop.InternalParquetRecordReader - block read in memory in 0 ms. row count = 1
[Test worker] INFO org.apache.parquet.hadoop.InternalParquetRecordReader - RecordReader initialized will read a total of 1 records.
[Test worker] INFO org.apache.parquet.hadoop.InternalParquetRecordReader - at row 0. reading next block
[Test worker] INFO org.apache.parquet.hadoop.InternalParquetRecordReader - block read in memory in 0 ms. row count = 1
[Test worker] INFO org.apache.parquet.hadoop.InternalParquetRecordReader - RecordReader initialized will read a total of 1 records.
[Test worker] INFO org.apache.parquet.hadoop.InternalParquetRecordReader - at row 0. reading next block
[Test worker] INFO org.apache.parquet.hadoop.InternalParquetRecordReader - block read in memory in 1 ms. row count = 1
[Test worker] INFO org.apache.parquet.hadoop.InternalParquetRecordReader - RecordReader initialized will read a total of 1 records.
[Test worker] INFO org.apache.parquet.hadoop.InternalParquetRecordReader - at row 0. reading next block
[Test worker] INFO org.apache.parquet.hadoop.InternalParquetRecordReader - block read in memory in 0 ms. row count = 1
[Test worker] INFO org.apache.parquet.hadoop.InternalParquetRecordReader - RecordReader initialized will read a total of 1 records.
[Test worker] INFO org.apache.parquet.hadoop.InternalParquetRecordReader - at row 0. reading next block
[Test worker] INFO org.apache.parquet.hadoop.InternalParquetRecordReader - block read in memory in 0 ms. row count = 1
[Test worker] INFO org.apache.parquet.hadoop.InternalParquetRecordReader - RecordReader initialized will read a total of 1 records.
[Test worker] INFO org.apache.parquet.hadoop.InternalParquetRecordReader - at row 0. reading next block
[Test worker] INFO org.apache.parquet.hadoop.InternalParquetRecordReader - block read in memory in 0 ms. row count = 1
[Test worker] INFO org.apache.parquet.hadoop.InternalParquetRecordReader - RecordReader initialized will read a total of 1 records.
[Test worker] INFO org.apache.parquet.hadoop.InternalParquetRecordReader - at row 0. reading next block
[Test worker] INFO org.apache.parquet.hadoop.InternalParquetRecordReader - block read in memory in 0 ms. row count = 1
[Test worker] INFO org.apache.parquet.hadoop.InternalParquetRecordReader - RecordReader initialized will read a total of 1 records.
[Test worker] INFO org.apache.parquet.hadoop.InternalParquetRecordReader - at row 0. reading next block
[Test worker] INFO org.apache.parquet.hadoop.InternalParquetRecordReader - block read in memory in 0 ms. row count = 1
[Test worker] INFO org.apache.parquet.hadoop.InternalParquetRecordReader - RecordReader initialized will read a total of 1 records.
[Test worker] INFO org.apache.parquet.hadoop.InternalParquetRecordReader - at row 0. reading next block
[Test worker] INFO org.apache.parquet.hadoop.InternalParquetRecordReader - block read in memory in 1 ms. row count = 1
[Test worker] INFO org.apache.parquet.hadoop.InternalParquetRecordReader - RecordReader initialized will read a total of 1 records.
[Test worker] INFO org.apache.parquet.hadoop.InternalParquetRecordReader - at row 0. reading next block
[Test worker] INFO org.apache.parquet.hadoop.InternalParquetRecordReader - block read in memory in 0 ms. row count = 1
[Test worker] INFO org.apache.parquet.hadoop.InternalParquetRecordReader - RecordReader initialized will read a total of 1 records.
[Test worker] INFO org.apache.parquet.hadoop.InternalParquetRecordReader - at row 0. reading next block
[Test worker] INFO org.apache.parquet.hadoop.InternalParquetRecordReader - block read in memory in 0 ms. row count = 1
[Test worker] INFO org.apache.parquet.hadoop.InternalParquetRecordReader - RecordReader initialized will read a total of 1 records.
[Test worker] INFO org.apache.parquet.hadoop.InternalParquetRecordReader - at row 0. reading next block
[Test worker] INFO org.apache.parquet.hadoop.InternalParquetRecordReader - block read in memory in 0 ms. row count = 1
[Test worker] INFO org.apache.parquet.hadoop.InternalParquetRecordReader - RecordReader initialized will read a total of 1 records.
[Test worker] INFO org.apache.parquet.hadoop.InternalParquetRecordReader - at row 0. reading next block
[Test worker] INFO org.apache.parquet.hadoop.InternalParquetRecordReader - block read in memory in 0 ms. row count = 1
[Test worker] INFO org.apache.parquet.hadoop.InternalParquetRecordReader - RecordReader initialized will read a total of 1 records.
[Test worker] INFO org.apache.parquet.hadoop.InternalParquetRecordReader - at row 0. reading next block
[Test worker] INFO org.apache.parquet.hadoop.InternalParquetRecordReader - block read in memory in 0 ms. row count = 1
[Test worker] INFO org.apache.parquet.hadoop.InternalParquetRecordReader - RecordReader initialized will read a total of 1 records.
[Test worker] INFO org.apache.parquet.hadoop.InternalParquetRecordReader - at row 0. reading next block
[Test worker] INFO org.apache.parquet.hadoop.InternalParquetRecordReader - block read in memory in 0 ms. row count = 1
[Test worker] INFO org.apache.parquet.hadoop.InternalParquetRecordReader - RecordReader initialized will read a total of 1 records.
[Test worker] INFO org.apache.parquet.hadoop.InternalParquetRecordReader - at row 0. reading next block
[Test worker] INFO org.apache.parquet.hadoop.InternalParquetRecordReader - block read in memory in 0 ms. row count = 1
]]></system-err>
</testsuite>
