<?xml version="1.0" encoding="UTF-8"?>
<testsuite name="com.jerolba.carpet.reader.CarpetReaderCompatibilityTest$AvroCollections$SimpleElement$TwoLevelAvroCollection" tests="3" skipped="0" failures="0" errors="0" timestamp="2025-09-27T17:18:29.462Z" hostname="runnervm3ublj" time="0.088">
  <properties/>
  <testcase name="canBeReadByCarpet()" classname="com.jerolba.carpet.reader.CarpetReaderCompatibilityTest$AvroCollections$SimpleElement$TwoLevelAvroCollection" time="0.021"/>
  <testcase name="canBeReadByAvro()" classname="com.jerolba.carpet.reader.CarpetReaderCompatibilityTest$AvroCollections$SimpleElement$TwoLevelAvroCollection" time="0.029"/>
  <testcase name="avroSchemaContainsArrayInSecondLevel()" classname="com.jerolba.carpet.reader.CarpetReaderCompatibilityTest$AvroCollections$SimpleElement$TwoLevelAvroCollection" time="0.037"/>
  <system-out><![CDATA[]]></system-out>
  <system-err><![CDATA[[Test worker] INFO org.apache.parquet.hadoop.InternalParquetRecordReader - RecordReader initialized will read a total of 1 records.
[Test worker] INFO org.apache.parquet.hadoop.InternalParquetRecordReader - at row 0. reading next block
[Test worker] INFO org.apache.parquet.hadoop.InternalParquetRecordReader - block read in memory in 1 ms. row count = 1
[Test worker] INFO org.apache.parquet.hadoop.InternalParquetRecordReader - RecordReader initialized will read a total of 1 records.
[Test worker] INFO org.apache.parquet.hadoop.InternalParquetRecordReader - at row 0. reading next block
[Test worker] INFO org.apache.parquet.hadoop.InternalParquetRecordReader - block read in memory in 1 ms. row count = 1
]]></system-err>
</testsuite>
