<?xml version="1.0" encoding="UTF-8"?>
<testsuite name="com.jerolba.carpet.impl.read.SchemaFilterTest$Composite" tests="4" skipped="0" failures="0" errors="0" timestamp="2025-09-27T17:18:28.275Z" hostname="runnervm3ublj" time="0.003">
  <properties/>
  <testcase name="ifSchemaHasMoreFieldsThanNeededAreFilteredInProjection()" classname="com.jerolba.carpet.impl.read.SchemaFilterTest$Composite" time="0.0"/>
  <testcase name="compositeChild()" classname="com.jerolba.carpet.impl.read.SchemaFilterTest$Composite" time="0.0"/>
  <testcase name="ifSchemaHasLessFieldsThanNeededButSupportsItFieldsAreNulled()" classname="com.jerolba.carpet.impl.read.SchemaFilterTest$Composite" time="0.001"/>
  <testcase name="ifSchemaHasLessFieldsThanNeededProjectionFails()" classname="com.jerolba.carpet.impl.read.SchemaFilterTest$Composite" time="0.0"/>
  <system-out><![CDATA[]]></system-out>
  <system-err><![CDATA[]]></system-err>
</testsuite>
