<?xml version="1.0" encoding="UTF-8"?>
<testsuite name="com.jerolba.carpet.impl.read.SchemaFilterTest$Maps$WellFormedMap$StringKey" tests="19" skipped="0" failures="0" errors="0" timestamp="2025-09-27T17:18:28.168Z" hostname="runnervm3ublj" time="0.036">
  <properties/>
  <testcase name="byteValue()" classname="com.jerolba.carpet.impl.read.SchemaFilterTest$Maps$WellFormedMap$StringKey" time="0.002"/>
  <testcase name="mapCanBeFiltered()" classname="com.jerolba.carpet.impl.read.SchemaFilterTest$Maps$WellFormedMap$StringKey" time="0.0"/>
  <testcase name="nestedMapValueWithGroupAreSupported()" classname="com.jerolba.carpet.impl.read.SchemaFilterTest$Maps$WellFormedMap$StringKey" time="0.001"/>
  <testcase name="enumToStringValue()" classname="com.jerolba.carpet.impl.read.SchemaFilterTest$Maps$WellFormedMap$StringKey" time="0.001"/>
  <testcase name="doubleValue()" classname="com.jerolba.carpet.impl.read.SchemaFilterTest$Maps$WellFormedMap$StringKey" time="0.0"/>
  <testcase name="stringValue()" classname="com.jerolba.carpet.impl.read.SchemaFilterTest$Maps$WellFormedMap$StringKey" time="0.001"/>
  <testcase name="nestedCollectionValueWithGroupAreSupported()" classname="com.jerolba.carpet.impl.read.SchemaFilterTest$Maps$WellFormedMap$StringKey" time="0.002"/>
  <testcase name="floatValue()" classname="com.jerolba.carpet.impl.read.SchemaFilterTest$Maps$WellFormedMap$StringKey" time="0.003"/>
  <testcase name="integerValue()" classname="com.jerolba.carpet.impl.read.SchemaFilterTest$Maps$WellFormedMap$StringKey" time="0.001"/>
  <testcase name="nestedCollectionValueWithGroupMatching()" classname="com.jerolba.carpet.impl.read.SchemaFilterTest$Maps$WellFormedMap$StringKey" time="0.001"/>
  <testcase name="floatFromDoubleValue()" classname="com.jerolba.carpet.impl.read.SchemaFilterTest$Maps$WellFormedMap$StringKey" time="0.001"/>
  <testcase name="nestedCollectionValueWithPrimitivesAreSupported()" classname="com.jerolba.carpet.impl.read.SchemaFilterTest$Maps$WellFormedMap$StringKey" time="0.001"/>
  <testcase name="compositeValue()" classname="com.jerolba.carpet.impl.read.SchemaFilterTest$Maps$WellFormedMap$StringKey" time="0.001"/>
  <testcase name="longValue()" classname="com.jerolba.carpet.impl.read.SchemaFilterTest$Maps$WellFormedMap$StringKey" time="0.001"/>
  <testcase name="enumValue()" classname="com.jerolba.carpet.impl.read.SchemaFilterTest$Maps$WellFormedMap$StringKey" time="0.002"/>
  <testcase name="nestedMapValueWithPrimitivesAreSupported()" classname="com.jerolba.carpet.impl.read.SchemaFilterTest$Maps$WellFormedMap$StringKey" time="0.001"/>
  <testcase name="nestedMapValueWithGroupMatching()" classname="com.jerolba.carpet.impl.read.SchemaFilterTest$Maps$WellFormedMap$StringKey" time="0.0"/>
  <testcase name="shortValue()" classname="com.jerolba.carpet.impl.read.SchemaFilterTest$Maps$WellFormedMap$StringKey" time="0.002"/>
  <testcase name="compositeValueMatchFields()" classname="com.jerolba.carpet.impl.read.SchemaFilterTest$Maps$WellFormedMap$StringKey" time="0.001"/>
  <system-out><![CDATA[]]></system-out>
  <system-err><![CDATA[]]></system-err>
</testsuite>
