<?xml version="1.0" encoding="UTF-8"?>
<testsuite name="com.jerolba.carpet.impl.write.WriteRecord2SchemaTest$NestedMaps" tests="11" skipped="0" failures="0" errors="0" timestamp="2025-09-27T17:18:28.660Z" hostname="runnervm3ublj" time="0.011">
  <properties/>
  <testcase name="nonConsecutiveNestedMaps()" classname="com.jerolba.carpet.impl.write.WriteRecord2SchemaTest$NestedMaps" time="0.001"/>
  <testcase name="consecutiveTripleNestedSimpleTypeMap()" classname="com.jerolba.carpet.impl.write.WriteRecord2SchemaTest$NestedMaps" time="0.0"/>
  <testcase name="nestedSimpleTypeMap()" classname="com.jerolba.carpet.impl.write.WriteRecord2SchemaTest$NestedMaps" time="0.001"/>
  <testcase name="consecutiveNestedMapCollection()" classname="com.jerolba.carpet.impl.write.WriteRecord2SchemaTest$NestedMaps" time="0.001"/>
  <testcase name="consecutiveTripleNestedMap()" classname="com.jerolba.carpet.impl.write.WriteRecord2SchemaTest$NestedMaps" time="0.001"/>
  <testcase name="nestedNotNullableTypeMap()" classname="com.jerolba.carpet.impl.write.WriteRecord2SchemaTest$NestedMaps" time="0.001"/>
  <testcase name="mapWithKeyRecord()" classname="com.jerolba.carpet.impl.write.WriteRecord2SchemaTest$NestedMaps" time="0.001"/>
  <testcase name="nestedRecordMap()" classname="com.jerolba.carpet.impl.write.WriteRecord2SchemaTest$NestedMaps" time="0.001"/>
  <testcase name="consecutiveTripleNestedNotNullMap()" classname="com.jerolba.carpet.impl.write.WriteRecord2SchemaTest$NestedMaps" time="0.001"/>
  <testcase name="consecutiveNestedSimpleTypeMap()" classname="com.jerolba.carpet.impl.write.WriteRecord2SchemaTest$NestedMaps" time="0.0"/>
  <testcase name="consecutiveNestedRecordMap()" classname="com.jerolba.carpet.impl.write.WriteRecord2SchemaTest$NestedMaps" time="0.001"/>
  <system-out><![CDATA[]]></system-out>
  <system-err><![CDATA[]]></system-err>
</testsuite>
