<?xml version="1.0" encoding="UTF-8"?>
<testsuite name="com.jerolba.carpet.model.WriteRecordTypeTest" tests="2" skipped="0" failures="0" errors="0" timestamp="2025-09-27T17:18:28.770Z" hostname="runnervm3ublj" time="0.002">
  <properties/>
  <testcase name="fieldTypeConsistencyIsNotVerified()" classname="com.jerolba.carpet.model.WriteRecordTypeTest" time="0.001"/>
  <testcase name="fieldNameCanNotBeRepeated()" classname="com.jerolba.carpet.model.WriteRecordTypeTest" time="0.001"/>
  <system-out><![CDATA[]]></system-out>
  <system-err><![CDATA[]]></system-err>
</testsuite>
