<?xml version="1.0" encoding="UTF-8"?>
<testsuite name="com.jerolba.carpet.impl.read.SchemaFilterTest$FieldFloatConversion" tests="3" skipped="0" failures="0" errors="0" timestamp="2025-09-27T17:18:28.308Z" hostname="runnervm3ublj" time="0.002">
  <properties/>
  <testcase name="fieldRequired()" classname="com.jerolba.carpet.impl.read.SchemaFilterTest$FieldFloatConversion" time="0.0"/>
  <testcase name="fieldOptional()" classname="com.jerolba.carpet.impl.read.SchemaFilterTest$FieldFloatConversion" time="0.001"/>
  <testcase name="castToDoubleIsSupported()" classname="com.jerolba.carpet.impl.read.SchemaFilterTest$FieldFloatConversion" time="0.0"/>
  <system-out><![CDATA[]]></system-out>
  <system-err><![CDATA[]]></system-err>
</testsuite>
