<?xml version="1.0" encoding="UTF-8"?>
<testsuite name="com.jerolba.carpet.impl.write.WriteRecord2SchemaTest$NestedCollection1Level" tests="12" skipped="0" failures="0" errors="0" timestamp="2025-09-27T17:18:28.708Z" hostname="runnervm3ublj" time="0.011">
  <properties/>
  <testcase name="nestedStringCollection()" classname="com.jerolba.carpet.impl.write.WriteRecord2SchemaTest$NestedCollection1Level" time="0.001"/>
  <testcase name="nestedGeographyCollection()" classname="com.jerolba.carpet.impl.write.WriteRecord2SchemaTest$NestedCollection1Level" time="0.001"/>
  <testcase name="nestedSimpleTypeCollection()" classname="com.jerolba.carpet.impl.write.WriteRecord2SchemaTest$NestedCollection1Level" time="0.001"/>
  <testcase name="nestedGeometryCollection()" classname="com.jerolba.carpet.impl.write.WriteRecord2SchemaTest$NestedCollection1Level" time="0.001"/>
  <testcase name="nestedStringAsEnumCollection()" classname="com.jerolba.carpet.impl.write.WriteRecord2SchemaTest$NestedCollection1Level" time="0.001"/>
  <testcase name="nestedEnumCollection()" classname="com.jerolba.carpet.impl.write.WriteRecord2SchemaTest$NestedCollection1Level" time="0.002"/>
  <testcase name="nonConsecutiveNestedCollections()" classname="com.jerolba.carpet.impl.write.WriteRecord2SchemaTest$NestedCollection1Level" time="0.001"/>
  <testcase name="consecutiveNestedCollections()" classname="com.jerolba.carpet.impl.write.WriteRecord2SchemaTest$NestedCollection1Level" time="0.0"/>
  <testcase name="nestedBsonCollection()" classname="com.jerolba.carpet.impl.write.WriteRecord2SchemaTest$NestedCollection1Level" time="0.0"/>
  <testcase name="nestedBinaryCollection()" classname="com.jerolba.carpet.impl.write.WriteRecord2SchemaTest$NestedCollection1Level" time="0.001"/>
  <testcase name="nestedMapInCollection()" classname="com.jerolba.carpet.impl.write.WriteRecord2SchemaTest$NestedCollection1Level" time="0.0"/>
  <testcase name="nestedJsonCollection()" classname="com.jerolba.carpet.impl.write.WriteRecord2SchemaTest$NestedCollection1Level" time="0.001"/>
  <system-out><![CDATA[]]></system-out>
  <system-err><![CDATA[]]></system-err>
</testsuite>
