<?xml version="1.0" encoding="UTF-8"?>
<testsuite name="com.jerolba.carpet.reader.CarpetReaderTest$Maps" tests="5" skipped="0" failures="0" errors="0" timestamp="2025-09-27T17:18:31.460Z" hostname="runnervm3ublj" time="0.049">
  <properties/>
  <testcase name="nestedMapPrimitiveKeyRecordValue()" classname="com.jerolba.carpet.reader.CarpetReaderTest$Maps" time="0.011"/>
  <testcase name="nestedMapPrimitiveKeyListPrimitiveValue()" classname="com.jerolba.carpet.reader.CarpetReaderTest$Maps" time="0.009"/>
  <testcase name="nestedMapStringKeyStringValue()" classname="com.jerolba.carpet.reader.CarpetReaderTest$Maps" time="0.008"/>
  <testcase name="nestedMapStringKeyPrimitiveValue()" classname="com.jerolba.carpet.reader.CarpetReaderTest$Maps" time="0.009"/>
  <testcase name="nestedMapRecordKeyMapValue()" classname="com.jerolba.carpet.reader.CarpetReaderTest$Maps" time="0.012"/>
  <system-out><![CDATA[]]></system-out>
  <system-err><![CDATA[[Test worker] INFO org.apache.parquet.hadoop.InternalParquetRecordReader - RecordReader initialized will read a total of 2 records.
[Test worker] INFO org.apache.parquet.hadoop.InternalParquetRecordReader - at row 0. reading next block
[Test worker] INFO org.apache.parquet.hadoop.InternalParquetRecordReader - block read in memory in 0 ms. row count = 2
[Test worker] INFO org.apache.parquet.hadoop.InternalParquetRecordReader - RecordReader initialized will read a total of 2 records.
[Test worker] INFO org.apache.parquet.hadoop.InternalParquetRecordReader - at row 0. reading next block
[Test worker] INFO org.apache.parquet.hadoop.InternalParquetRecordReader - block read in memory in 1 ms. row count = 2
[Test worker] INFO org.apache.parquet.hadoop.InternalParquetRecordReader - RecordReader initialized will read a total of 2 records.
[Test worker] INFO org.apache.parquet.hadoop.InternalParquetRecordReader - at row 0. reading next block
[Test worker] INFO org.apache.parquet.hadoop.InternalParquetRecordReader - block read in memory in 1 ms. row count = 2
[Test worker] INFO org.apache.parquet.hadoop.InternalParquetRecordReader - RecordReader initialized will read a total of 2 records.
[Test worker] INFO org.apache.parquet.hadoop.InternalParquetRecordReader - at row 0. reading next block
[Test worker] INFO org.apache.parquet.hadoop.InternalParquetRecordReader - block read in memory in 0 ms. row count = 2
[Test worker] INFO org.apache.parquet.hadoop.InternalParquetRecordReader - RecordReader initialized will read a total of 2 records.
[Test worker] INFO org.apache.parquet.hadoop.InternalParquetRecordReader - at row 0. reading next block
[Test worker] INFO org.apache.parquet.hadoop.InternalParquetRecordReader - block read in memory in 1 ms. row count = 2
]]></system-err>
</testsuite>
