<?xml version="1.0" encoding="UTF-8"?>
<testsuite name="com.jerolba.carpet.writer.WriteRecordModelWriterTest$CompositedClasses" tests="3" skipped="0" failures="0" errors="0" timestamp="2025-09-27T17:18:35.193Z" hostname="runnervm3ublj" time="0.023">
  <properties/>
  <testcase name="compositeValue()" classname="com.jerolba.carpet.writer.WriteRecordModelWriterTest$CompositedClasses" time="0.008"/>
  <testcase name="compositeNullValue()" classname="com.jerolba.carpet.writer.WriteRecordModelWriterTest$CompositedClasses" time="0.007"/>
  <testcase name="multipleLevelComposition()" classname="com.jerolba.carpet.writer.WriteRecordModelWriterTest$CompositedClasses" time="0.008"/>
  <system-out><![CDATA[]]></system-out>
  <system-err><![CDATA[[Test worker] INFO org.apache.parquet.hadoop.InternalParquetRecordReader - RecordReader initialized will read a total of 2 records.
[Test worker] INFO org.apache.parquet.hadoop.InternalParquetRecordReader - at row 0. reading next block
[Test worker] INFO org.apache.parquet.hadoop.InternalParquetRecordReader - block read in memory in 1 ms. row count = 2
[Test worker] INFO org.apache.parquet.hadoop.InternalParquetRecordReader - RecordReader initialized will read a total of 2 records.
[Test worker] INFO org.apache.parquet.hadoop.InternalParquetRecordReader - at row 0. reading next block
[Test worker] INFO org.apache.parquet.hadoop.InternalParquetRecordReader - block read in memory in 0 ms. row count = 2
[Test worker] INFO org.apache.parquet.hadoop.InternalParquetRecordReader - RecordReader initialized will read a total of 2 records.
[Test worker] INFO org.apache.parquet.hadoop.InternalParquetRecordReader - at row 0. reading next block
[Test worker] INFO org.apache.parquet.hadoop.InternalParquetRecordReader - block read in memory in 0 ms. row count = 2
[Test worker] INFO org.apache.parquet.hadoop.InternalParquetRecordReader - RecordReader initialized will read a total of 2 records.
[Test worker] INFO org.apache.parquet.hadoop.InternalParquetRecordReader - at row 0. reading next block
[Test worker] INFO org.apache.parquet.hadoop.InternalParquetRecordReader - block read in memory in 0 ms. row count = 2
[Test worker] INFO org.apache.parquet.hadoop.InternalParquetRecordReader - RecordReader initialized will read a total of 3 records.
[Test worker] INFO org.apache.parquet.hadoop.InternalParquetRecordReader - at row 0. reading next block
[Test worker] INFO org.apache.parquet.hadoop.InternalParquetRecordReader - block read in memory in 0 ms. row count = 3
[Test worker] INFO org.apache.parquet.hadoop.InternalParquetRecordReader - RecordReader initialized will read a total of 3 records.
[Test worker] INFO org.apache.parquet.hadoop.InternalParquetRecordReader - at row 0. reading next block
[Test worker] INFO org.apache.parquet.hadoop.InternalParquetRecordReader - block read in memory in 0 ms. row count = 3
]]></system-err>
</testsuite>
