<?xml version="1.0" encoding="UTF-8"?>
<testsuite name="com.jerolba.carpet.impl.read.SchemaFilterTest$MissingFields" tests="6" skipped="0" failures="0" errors="0" timestamp="2025-09-27T17:18:28.142Z" hostname="runnervm3ublj" time="0.006">
  <properties/>
  <testcase name="ifFieldInCompositeIsMissingValidationFails()" classname="com.jerolba.carpet.impl.read.SchemaFilterTest$MissingFields" time="0.001"/>
  <testcase name="ifFieldIsMissingValidationFails()" classname="com.jerolba.carpet.impl.read.SchemaFilterTest$MissingFields" time="0.0"/>
  <testcase name="ifFieldIsMissingValidationDoesntFailIfIgnoreUnknown()" classname="com.jerolba.carpet.impl.read.SchemaFilterTest$MissingFields" time="0.0"/>
  <testcase name="ifFieldInCompositeListIsMissingValidationFails()" classname="com.jerolba.carpet.impl.read.SchemaFilterTest$MissingFields" time="0.0"/>
  <testcase name="parquetColumnsCanBeSkipped()" classname="com.jerolba.carpet.impl.read.SchemaFilterTest$MissingFields" time="0.0"/>
  <testcase name="ifFieldInCompositeIsMissingValidationDoesntFailIfIgnoreUnknown()" classname="com.jerolba.carpet.impl.read.SchemaFilterTest$MissingFields" time="0.0"/>
  <system-out><![CDATA[]]></system-out>
  <system-err><![CDATA[]]></system-err>
</testsuite>
